C51 COMPILER V9.54   MAIN                                                                  07/07/2024 18:33:25 PAGE 1   


C51 COMPILER V9.54, COMPILATION OF MODULE MAIN
OBJECT MODULE PLACED IN .\Objects\main.obj
COMPILER INVOKED BY: D:\STM32\Keil_v5\C51\BIN\C51.EXE main.c OPTIMIZE(8,SPEED) BROWSE DEBUG OBJECTEXTEND PRINT(.\Listing
                    -s\main.lst) TABS(2) OBJECT(.\Objects\main.obj)

line level    source

   1          /**
   2          
   3           * @file main.c
   4          
   5           * @author Jachyn
   6          
   7           * @brief 个人diy小车
   8          
   9           * @version 0.1
  10          
  11           * @date 2023-07-22
  12          
  13           *
  14          
  15           * @copyright Copyright (c) 2023
  16          
  17           *
  18          
  19           */
  20          
  21          
  22          
  23          #include <REGX52.H>
  24          
  25          
  26          
  27          /**
  28          
  29           * @brief ???
  30          
  31           *
  32          
  33           */
  34          
  35          void main(){
  36   1          P0_0=0;
  37   1          P0_1=1;
  38   1          P0_2=0;
  39   1          P0_3=1;
  40   1          P0_4=1;
  41   1          P0_5=0;
  42   1          P0_6=1;
  43   1          P0_7=0;
  44   1          P2_0=0;
  45   1          P2_1=1;
  46   1          P2_2=0;
  47   1          P2_3=1;
  48   1          P2_4=1;
  49   1          P2_5=0;
  50   1          P2_6=1;
  51   1          P2_7=0;
  52   1      }


C51 COMPILER V9.54   MAIN                                                                  07/07/2024 18:33:25 PAGE 2   

MODULE INFORMATION:   STATIC OVERLAYABLE
   CODE SIZE        =     33    ----
   CONSTANT SIZE    =   ----    ----
   XDATA SIZE       =   ----    ----
   PDATA SIZE       =   ----    ----
   DATA SIZE        =   ----    ----
   IDATA SIZE       =   ----    ----
   BIT SIZE         =   ----    ----
END OF MODULE INFORMATION.


C51 COMPILATION COMPLETE.  0 WARNING(S),  0 ERROR(S)
