C51 COMPILER V9.54   UART                                                                  07/14/2024 21:06:16 PAGE 1   


C51 COMPILER V9.54, COMPILATION OF MODULE UART
OBJECT MODULE PLACED IN .\Objects\uart.obj
COMPILER INVOKED BY: D:\STM32\Keil_v5\C51\BIN\C51.EXE uart.c OPTIMIZE(8,SPEED) BROWSE INCDIR(D:\Keil_v5\C51\INC) DEBUG O
                    -BJECTEXTEND PRINT(.\Listings\uart.lst) TABS(2) OBJECT(.\Objects\uart.obj)

line level    source

   1          #include "uart.h"
   2          /**
   3           *@breaf  串口初始化
   4           *@param 无
   5           *@retval 无
   6           */
   7          void UART_Init(void)
   8          {
   9   1        TMOD = 0X20; // 设置定时器的工作方式：设置使用定时器1，工作方式为方式1；
  10   1        SCON = 0X50; // 设置串口工作方式：设置为工作方式1；打开接受ren=1；
  11   1        PCON = 0X80; // 设置电源控制寄存器，波特率加倍；
  12   1        // 计算波特率，设置定时计数器的初值
  13   1        TH1 = 0xfa;
  14   1        TL1 = 0xfa;
  15   1        // 是否使用中断，如若使用，则打开中断配置；
  16   1        EA = 1;  // 打开中断总开关；
  17   1        ES = 1;  // 启动串口中断；
  18   1        ET1 = 0; // 关闭定时器1的中断
  19   1        TR1 = 1; // 打开计数器；TCON寄存器
  20   1      }
  21          /**
  22           *@breaf 串口发送一个字节数据函数
  23           *@param byte 传送的一个字节
  24           *@retval 无
  25           */
  26          void UART_SendByte(unsigned char byte)
  27          {
  28   1        SBUF = byte;
  29   1        while (TI == 0)
  30   1          ;
  31   1        TI = 0;
  32   1      }


MODULE INFORMATION:   STATIC OVERLAYABLE
   CODE SIZE        =     32    ----
   CONSTANT SIZE    =   ----    ----
   XDATA SIZE       =   ----    ----
   PDATA SIZE       =   ----    ----
   DATA SIZE        =   ----    ----
   IDATA SIZE       =   ----    ----
   BIT SIZE         =   ----    ----
END OF MODULE INFORMATION.


C51 COMPILATION COMPLETE.  0 WARNING(S),  0 ERROR(S)
